  aes.c
  communication.c
C:\Program Files (x86)\Windows Kits\10\Include\10.0.18362.0\shared\ws2def.h(103,1): warning C4005: 'AF_IPX' : redéfinition de macro
C:\Program Files (x86)\Windows Kits\10\Include\10.0.18362.0\um\winsock.h(457): message : voir la définition précédente de 'AF_IPX'
C:\Program Files (x86)\Windows Kits\10\Include\10.0.18362.0\shared\ws2def.h(147,1): warning C4005: 'AF_MAX' : redéfinition de macro
C:\Program Files (x86)\Windows Kits\10\Include\10.0.18362.0\um\winsock.h(476): message : voir la définition précédente de 'AF_MAX'
C:\Program Files (x86)\Windows Kits\10\Include\10.0.18362.0\shared\ws2def.h(185,1): warning C4005: 'SO_DONTLINGER' : redéfinition de macro
C:\Program Files (x86)\Windows Kits\10\Include\10.0.18362.0\um\winsock.h(399): message : voir la définition précédente de 'SO_DONTLINGER'
C:\Program Files (x86)\Windows Kits\10\Include\10.0.18362.0\shared\ws2def.h(238,25): error C2011: 'sockaddr' : redéfinition du type 'struct'
C:\Program Files (x86)\Windows Kits\10\Include\10.0.18362.0\um\winsock.h(482): message : voir la déclaration de 'sockaddr'
C:\Program Files (x86)\Windows Kits\10\Include\10.0.18362.0\shared\ws2def.h(440,5): error C2059: erreur de syntaxe : 'constante'
C:\Program Files (x86)\Windows Kits\10\Include\10.0.18362.0\shared\ws2def.h(575,1): warning C4005: 'IN_CLASSA' : redéfinition de macro
C:\Program Files (x86)\Windows Kits\10\Include\10.0.18362.0\um\winsock.h(284): message : voir la définition précédente de 'IN_CLASSA'
C:\Program Files (x86)\Windows Kits\10\Include\10.0.18362.0\shared\ws2def.h(581,1): warning C4005: 'IN_CLASSB' : redéfinition de macro
C:\Program Files (x86)\Windows Kits\10\Include\10.0.18362.0\um\winsock.h(290): message : voir la définition précédente de 'IN_CLASSB'
C:\Program Files (x86)\Windows Kits\10\Include\10.0.18362.0\shared\ws2def.h(587,1): warning C4005: 'IN_CLASSC' : redéfinition de macro
C:\Program Files (x86)\Windows Kits\10\Include\10.0.18362.0\um\winsock.h(296): message : voir la définition précédente de 'IN_CLASSC'
C:\Program Files (x86)\Windows Kits\10\Include\10.0.18362.0\shared\ws2def.h(598,1): warning C4005: 'INADDR_ANY' : redéfinition de macro
C:\Program Files (x86)\Windows Kits\10\Include\10.0.18362.0\um\winsock.h(301): message : voir la définition précédente de 'INADDR_ANY'
C:\Program Files (x86)\Windows Kits\10\Include\10.0.18362.0\shared\ws2def.h(600,1): warning C4005: 'INADDR_BROADCAST' : redéfinition de macro
C:\Program Files (x86)\Windows Kits\10\Include\10.0.18362.0\um\winsock.h(303): message : voir la définition précédente de 'INADDR_BROADCAST'
C:\Program Files (x86)\Windows Kits\10\Include\10.0.18362.0\shared\ws2def.h(636,28): error C2011: 'sockaddr_in' : redéfinition du type 'struct'
C:\Program Files (x86)\Windows Kits\10\Include\10.0.18362.0\um\winsock.h(309): message : voir la déclaration de 'sockaddr_in'
C:\Program Files (x86)\Windows Kits\10\Include\10.0.18362.0\um\winsock2.h(136,23): error C2011: 'fd_set' : redéfinition du type 'struct'
C:\Program Files (x86)\Windows Kits\10\Include\10.0.18362.0\um\winsock.h(65): message : voir la déclaration de 'fd_set'
C:\Program Files (x86)\Windows Kits\10\Include\10.0.18362.0\um\winsock2.h(156,1): warning C4005: 'FD_CLR' : redéfinition de macro
C:\Program Files (x86)\Windows Kits\10\Include\10.0.18362.0\um\winsock.h(94): message : voir la définition précédente de 'FD_CLR'
C:\Program Files (x86)\Windows Kits\10\Include\10.0.18362.0\um\winsock2.h(171,1): warning C4005: 'FD_SET' : redéfinition de macro
C:\Program Files (x86)\Windows Kits\10\Include\10.0.18362.0\um\winsock.h(99): message : voir la définition précédente de 'FD_SET'
C:\Program Files (x86)\Windows Kits\10\Include\10.0.18362.0\um\winsock2.h(180,16): error C2011: 'timeval' : redéfinition du type 'struct'
C:\Program Files (x86)\Windows Kits\10\Include\10.0.18362.0\um\winsock.h(108): message : voir la déclaration de 'timeval'
C:\Program Files (x86)\Windows Kits\10\Include\10.0.18362.0\um\winsock2.h(236,17): error C2011: 'hostent' : redéfinition du type 'struct'
C:\Program Files (x86)\Windows Kits\10\Include\10.0.18362.0\um\winsock.h(164): message : voir la déclaration de 'hostent'
C:\Program Files (x86)\Windows Kits\10\Include\10.0.18362.0\um\winsock2.h(249,16): error C2011: 'netent' : redéfinition du type 'struct'
C:\Program Files (x86)\Windows Kits\10\Include\10.0.18362.0\um\winsock.h(177): message : voir la déclaration de 'netent'
C:\Program Files (x86)\Windows Kits\10\Include\10.0.18362.0\um\winsock2.h(256,17): error C2011: 'servent' : redéfinition du type 'struct'
C:\Program Files (x86)\Windows Kits\10\Include\10.0.18362.0\um\winsock.h(184): message : voir la déclaration de 'servent'
C:\Program Files (x86)\Windows Kits\10\Include\10.0.18362.0\um\winsock2.h(268,18): error C2011: 'protoent' : redéfinition du type 'struct'
C:\Program Files (x86)\Windows Kits\10\Include\10.0.18362.0\um\winsock.h(196): message : voir la déclaration de 'protoent'
C:\Program Files (x86)\Windows Kits\10\Include\10.0.18362.0\um\winsock2.h(364,24): error C2011: 'WSAData' : redéfinition du type 'struct'
C:\Program Files (x86)\Windows Kits\10\Include\10.0.18362.0\um\winsock.h(319): message : voir la déclaration de 'WSAData'
C:\Program Files (x86)\Windows Kits\10\Include\10.0.18362.0\um\winsock2.h(462,18): error C2011: 'sockproto' : redéfinition du type 'struct'
C:\Program Files (x86)\Windows Kits\10\Include\10.0.18362.0\um\winsock.h(491): message : voir la déclaration de 'sockproto'
C:\Program Files (x86)\Windows Kits\10\Include\10.0.18362.0\um\winsock2.h(504,16): error C2011: 'linger' : redéfinition du type 'struct'
C:\Program Files (x86)\Windows Kits\10\Include\10.0.18362.0\um\winsock.h(528): message : voir la déclaration de 'linger'
C:\Program Files (x86)\Windows Kits\10\Include\10.0.18362.0\um\winsock2.h(517,1): warning C4005: 'SOMAXCONN' : redéfinition de macro
C:\Program Files (x86)\Windows Kits\10\Include\10.0.18362.0\um\winsock.h(541): message : voir la définition précédente de 'SOMAXCONN'
C:\Program Files (x86)\Windows Kits\10\Include\10.0.18362.0\um\winsock2.h(552,1): warning C4005: 'FD_READ' : redéfinition de macro
C:\Program Files (x86)\Windows Kits\10\Include\10.0.18362.0\um\winsock.h(559): message : voir la définition précédente de 'FD_READ'
C:\Program Files (x86)\Windows Kits\10\Include\10.0.18362.0\um\winsock2.h(555,1): warning C4005: 'FD_WRITE' : redéfinition de macro
C:\Program Files (x86)\Windows Kits\10\Include\10.0.18362.0\um\winsock.h(560): message : voir la définition précédente de 'FD_WRITE'
C:\Program Files (x86)\Windows Kits\10\Include\10.0.18362.0\um\winsock2.h(558,1): warning C4005: 'FD_OOB' : redéfinition de macro
C:\Program Files (x86)\Windows Kits\10\Include\10.0.18362.0\um\winsock.h(561): message : voir la définition précédente de 'FD_OOB'
C:\Program Files (x86)\Windows Kits\10\Include\10.0.18362.0\um\winsock2.h(561,1): warning C4005: 'FD_ACCEPT' : redéfinition de macro
C:\Program Files (x86)\Windows Kits\10\Include\10.0.18362.0\um\winsock.h(562): message : voir la définition précédente de 'FD_ACCEPT'
C:\Program Files (x86)\Windows Kits\10\Include\10.0.18362.0\um\winsock2.h(564,1): warning C4005: 'FD_CONNECT' : redéfinition de macro
C:\Program Files (x86)\Windows Kits\10\Include\10.0.18362.0\um\winsock.h(563): message : voir la définition précédente de 'FD_CONNECT'
C:\Program Files (x86)\Windows Kits\10\Include\10.0.18362.0\um\winsock2.h(567,1): warning C4005: 'FD_CLOSE' : redéfinition de macro
C:\Program Files (x86)\Windows Kits\10\Include\10.0.18362.0\um\winsock.h(564): message : voir la définition précédente de 'FD_CLOSE'
C:\Program Files (x86)\Windows Kits\10\Include\10.0.18362.0\um\winsock2.h(1625,1): error C2375: 'accept' : redéfinition ; liaison différente
C:\Program Files (x86)\Windows Kits\10\Include\10.0.18362.0\um\winsock.h(739): message : voir la déclaration de 'accept'
C:\Program Files (x86)\Windows Kits\10\Include\10.0.18362.0\um\winsock2.h(1647,1): error C2375: 'bind' : redéfinition ; liaison différente
C:\Program Files (x86)\Windows Kits\10\Include\10.0.18362.0\um\winsock.h(744): message : voir la déclaration de 'bind'
C:\Program Files (x86)\Windows Kits\10\Include\10.0.18362.0\um\winsock2.h(1668,1): error C2375: 'closesocket' : redéfinition ; liaison différente
C:\Program Files (x86)\Windows Kits\10\Include\10.0.18362.0\um\winsock.h(749): message : voir la déclaration de 'closesocket'
C:\Program Files (x86)\Windows Kits\10\Include\10.0.18362.0\um\winsock2.h(1685,1): error C2375: 'connect' : redéfinition ; liaison différente
C:\Program Files (x86)\Windows Kits\10\Include\10.0.18362.0\um\winsock.h(751): message : voir la déclaration de 'connect'
C:\Program Files (x86)\Windows Kits\10\Include\10.0.18362.0\um\winsock2.h(1706,1): error C2375: 'ioctlsocket' : redéfinition ; liaison différente
C:\Program Files (x86)\Windows Kits\10\Include\10.0.18362.0\um\winsock.h(756): message : voir la déclaration de 'ioctlsocket'
C:\Program Files (x86)\Windows Kits\10\Include\10.0.18362.0\um\winsock2.h(1729,1): error C2375: 'getpeername' : redéfinition ; liaison différente
C:\Program Files (x86)\Windows Kits\10\Include\10.0.18362.0\um\winsock.h(761): message : voir la déclaration de 'getpeername'
C:\Program Files (x86)\Windows Kits\10\Include\10.0.18362.0\um\winsock2.h(1750,1): error C2375: 'getsockname' : redéfinition ; liaison différente
C:\Program Files (x86)\Windows Kits\10\Include\10.0.18362.0\um\winsock.h(766): message : voir la déclaration de 'getsockname'
C:\Program Files (x86)\Windows Kits\10\Include\10.0.18362.0\um\winsock2.h(1771,1): error C2375: 'getsockopt' : redéfinition ; liaison différente
C:\Program Files (x86)\Windows Kits\10\Include\10.0.18362.0\um\winsock.h(771): message : voir la déclaration de 'getsockopt'
C:\Program Files (x86)\Windows Kits\10\Include\10.0.18362.0\um\winsock2.h(1796,1): error C2375: 'htonl' : redéfinition ; liaison différente
C:\Program Files (x86)\Windows Kits\10\Include\10.0.18362.0\um\winsock.h(778): message : voir la déclaration de 'htonl'
C:\Program Files (x86)\Windows Kits\10\Include\10.0.18362.0\um\winsock2.h(1813,1): error C2375: 'htons' : redéfinition ; liaison différente
C:\Program Files (x86)\Windows Kits\10\Include\10.0.18362.0\um\winsock.h(780): message : voir la déclaration de 'htons'
C:\Program Files (x86)\Windows Kits\10\Include\10.0.18362.0\um\winsock2.h(1831,1): error C2375: 'inet_addr' : redéfinition ; liaison différente
C:\Program Files (x86)\Windows Kits\10\Include\10.0.18362.0\um\winsock.h(782): message : voir la déclaration de 'inet_addr'
C:\Program Files (x86)\Windows Kits\10\Include\10.0.18362.0\um\winsock2.h(1849,1): error C2375: 'inet_ntoa' : redéfinition ; liaison différente
C:\Program Files (x86)\Windows Kits\10\Include\10.0.18362.0\um\winsock.h(784): message : voir la déclaration de 'inet_ntoa'
C:\Program Files (x86)\Windows Kits\10\Include\10.0.18362.0\um\winsock2.h(1949,1): error C2375: 'listen' : redéfinition ; liaison différente
C:\Program Files (x86)\Windows Kits\10\Include\10.0.18362.0\um\winsock.h(786): message : voir la déclaration de 'listen'
C:\Program Files (x86)\Windows Kits\10\Include\10.0.18362.0\um\winsock2.h(1968,1): error C2375: 'ntohl' : redéfinition ; liaison différente
C:\Program Files (x86)\Windows Kits\10\Include\10.0.18362.0\um\winsock.h(790): message : voir la déclaration de 'ntohl'
C:\Program Files (x86)\Windows Kits\10\Include\10.0.18362.0\um\winsock2.h(1985,1): error C2375: 'ntohs' : redéfinition ; liaison différente
C:\Program Files (x86)\Windows Kits\10\Include\10.0.18362.0\um\winsock.h(792): message : voir la déclaration de 'ntohs'
C:\Program Files (x86)\Windows Kits\10\Include\10.0.18362.0\um\winsock2.h(2002,1): error C2375: 'recv' : redéfinition ; liaison différente
C:\Program Files (x86)\Windows Kits\10\Include\10.0.18362.0\um\winsock.h(794): message : voir la déclaration de 'recv'
C:\Program Files (x86)\Windows Kits\10\Include\10.0.18362.0\um\winsock2.h(2025,1): error C2375: 'recvfrom' : redéfinition ; liaison différente
C:\Program Files (x86)\Windows Kits\10\Include\10.0.18362.0\um\winsock.h(800): message : voir la déclaration de 'recvfrom'
C:\Program Files (x86)\Windows Kits\10\Include\10.0.18362.0\um\winsock2.h(2052,1): error C2375: 'select' : redéfinition ; liaison différente
C:\Program Files (x86)\Windows Kits\10\Include\10.0.18362.0\um\winsock.h(808): message : voir la déclaration de 'select'
C:\Program Files (x86)\Windows Kits\10\Include\10.0.18362.0\um\winsock2.h(2077,1): error C2375: 'send' : redéfinition ; liaison différente
C:\Program Files (x86)\Windows Kits\10\Include\10.0.18362.0\um\winsock.h(815): message : voir la déclaration de 'send'
C:\Program Files (x86)\Windows Kits\10\Include\10.0.18362.0\um\winsock2.h(2100,1): error C2375: 'sendto' : redéfinition ; liaison différente
C:\Program Files (x86)\Windows Kits\10\Include\10.0.18362.0\um\winsock.h(821): message : voir la déclaration de 'sendto'
C:\Program Files (x86)\Windows Kits\10\Include\10.0.18362.0\um\winsock2.h(2127,1): error C2375: 'setsockopt' : redéfinition ; liaison différente
C:\Program Files (x86)\Windows Kits\10\Include\10.0.18362.0\um\winsock.h(829): message : voir la déclaration de 'setsockopt'
C:\Program Files (x86)\Windows Kits\10\Include\10.0.18362.0\um\winsock2.h(2152,1): error C2375: 'shutdown' : redéfinition ; liaison différente
C:\Program Files (x86)\Windows Kits\10\Include\10.0.18362.0\um\winsock.h(836): message : voir la déclaration de 'shutdown'
C:\Program Files (x86)\Windows Kits\10\Include\10.0.18362.0\um\winsock2.h(2172,1): error C2375: 'socket' : redéfinition ; liaison différente
C:\Program Files (x86)\Windows Kits\10\Include\10.0.18362.0\um\winsock.h(840): message : voir la déclaration de 'socket'
C:\Program Files (x86)\Windows Kits\10\Include\10.0.18362.0\um\winsock2.h(2197,1): error C2375: 'gethostbyaddr' : redéfinition ; liaison différente
C:\Program Files (x86)\Windows Kits\10\Include\10.0.18362.0\um\winsock.h(847): message : voir la déclaration de 'gethostbyaddr'
C:\Program Files (x86)\Windows Kits\10\Include\10.0.18362.0\um\winsock2.h(2219,1): error C2375: 'gethostbyname' : redéfinition ; liaison différente
C:\Program Files (x86)\Windows Kits\10\Include\10.0.18362.0\um\winsock.h(852): message : voir la déclaration de 'gethostbyname'
C:\Program Files (x86)\Windows Kits\10\Include\10.0.18362.0\um\winsock2.h(2236,1): error C2375: 'gethostname' : redéfinition ; liaison différente
C:\Program Files (x86)\Windows Kits\10\Include\10.0.18362.0\um\winsock.h(854): message : voir la déclaration de 'gethostname'
C:\Program Files (x86)\Windows Kits\10\Include\10.0.18362.0\um\winsock2.h(2276,1): error C2375: 'getservbyport' : redéfinition ; liaison différente
C:\Program Files (x86)\Windows Kits\10\Include\10.0.18362.0\um\winsock.h(858): message : voir la déclaration de 'getservbyport'
C:\Program Files (x86)\Windows Kits\10\Include\10.0.18362.0\um\winsock2.h(2295,1): error C2375: 'getservbyname' : redéfinition ; liaison différente
C:\Program Files (x86)\Windows Kits\10\Include\10.0.18362.0\um\winsock.h(862): message : voir la déclaration de 'getservbyname'
C:\Program Files (x86)\Windows Kits\10\Include\10.0.18362.0\um\winsock2.h(2314,1): error C2375: 'getprotobynumber' : redéfinition ; liaison différente
C:\Program Files (x86)\Windows Kits\10\Include\10.0.18362.0\um\winsock.h(866): message : voir la déclaration de 'getprotobynumber'
C:\Program Files (x86)\Windows Kits\10\Include\10.0.18362.0\um\winsock2.h(2331,1): error C2375: 'getprotobyname' : redéfinition ; liaison différente
C:\Program Files (x86)\Windows Kits\10\Include\10.0.18362.0\um\winsock.h(868): message : voir la déclaration de 'getprotobyname'
C:\Program Files (x86)\Windows Kits\10\Include\10.0.18362.0\um\winsock2.h(2351,1): error C2375: 'WSAStartup' : redéfinition ; liaison différente
C:\Program Files (x86)\Windows Kits\10\Include\10.0.18362.0\um\winsock.h(872): message : voir la déclaration de 'WSAStartup'
C:\Program Files (x86)\Windows Kits\10\Include\10.0.18362.0\um\winsock2.h(2371,1): error C2375: 'WSACleanup' : redéfinition ; liaison différente
C:\Program Files (x86)\Windows Kits\10\Include\10.0.18362.0\um\winsock.h(876): message : voir la déclaration de 'WSACleanup'
C:\Program Files (x86)\Windows Kits\10\Include\10.0.18362.0\um\winsock2.h(2388,1): error C2375: 'WSASetLastError' : redéfinition ; liaison différente
C:\Program Files (x86)\Windows Kits\10\Include\10.0.18362.0\um\winsock.h(878): message : voir la déclaration de 'WSASetLastError'
C:\Program Files (x86)\Windows Kits\10\Include\10.0.18362.0\um\winsock2.h(2405,1): error C2375: 'WSAGetLastError' : redéfinition ; liaison différente
C:\Program Files (x86)\Windows Kits\10\Include\10.0.18362.0\um\winsock.h(880): message : voir la déclaration de 'WSAGetLastError'
C:\Program Files (x86)\Windows Kits\10\Include\10.0.18362.0\um\winsock2.h(2426,1): error C2375: 'WSAIsBlocking' : redéfinition ; liaison différente
C:\Program Files (x86)\Windows Kits\10\Include\10.0.18362.0\um\winsock.h(882): message : voir la déclaration de 'WSAIsBlocking'
C:\Program Files (x86)\Windows Kits\10\Include\10.0.18362.0\um\winsock2.h(2444,1): error C2375: 'WSAUnhookBlockingHook' : redéfinition ; liaison différente
C:\Program Files (x86)\Windows Kits\10\Include\10.0.18362.0\um\winsock.h(884): message : voir la déclaration de 'WSAUnhookBlockingHook'
C:\Program Files (x86)\Windows Kits\10\Include\10.0.18362.0\um\winsock2.h(2462,1): error C2375: 'WSASetBlockingHook' : redéfinition ; liaison différente
C:\Program Files (x86)\Windows Kits\10\Include\10.0.18362.0\um\winsock.h(886): message : voir la déclaration de 'WSASetBlockingHook'
C:\Program Files (x86)\Windows Kits\10\Include\10.0.18362.0\um\winsock2.h(2480,1): error C2375: 'WSACancelBlockingCall' : redéfinition ; liaison différente
C:\Program Files (x86)\Windows Kits\10\Include\10.0.18362.0\um\winsock.h(888): message : voir la déclaration de 'WSACancelBlockingCall'
C:\Program Files (x86)\Windows Kits\10\Include\10.0.18362.0\um\winsock2.h(2498,1): error C2375: 'WSAAsyncGetServByName' : redéfinition ; liaison différente
C:\Program Files (x86)\Windows Kits\10\Include\10.0.18362.0\um\winsock.h(890): message : voir la déclaration de 'WSAAsyncGetServByName'
C:\Program Files (x86)\Windows Kits\10\Include\10.0.18362.0\um\winsock2.h(2526,1): error C2375: 'WSAAsyncGetServByPort' : redéfinition ; liaison différente
C:\Program Files (x86)\Windows Kits\10\Include\10.0.18362.0\um\winsock.h(898): message : voir la déclaration de 'WSAAsyncGetServByPort'
C:\Program Files (x86)\Windows Kits\10\Include\10.0.18362.0\um\winsock2.h(2554,1): error C2375: 'WSAAsyncGetProtoByName' : redéfinition ; liaison différente
C:\Program Files (x86)\Windows Kits\10\Include\10.0.18362.0\um\winsock.h(906): message : voir la déclaration de 'WSAAsyncGetProtoByName'
C:\Program Files (x86)\Windows Kits\10\Include\10.0.18362.0\um\winsock2.h(2580,1): error C2375: 'WSAAsyncGetProtoByNumber' : redéfinition ; liaison différente
C:\Program Files (x86)\Windows Kits\10\Include\10.0.18362.0\um\winsock.h(913): message : voir la déclaration de 'WSAAsyncGetProtoByNumber'
C:\Program Files (x86)\Windows Kits\10\Include\10.0.18362.0\um\winsock2.h(2606,1): error C2375: 'WSAAsyncGetHostByName' : redéfinition ; liaison différente
C:\Program Files (x86)\Windows Kits\10\Include\10.0.18362.0\um\winsock.h(920): message : voir la déclaration de 'WSAAsyncGetHostByName'
C:\Program Files (x86)\Windows Kits\10\Include\10.0.18362.0\um\winsock2.h(2632,1): error C2375: 'WSAAsyncGetHostByAddr' : redéfinition ; liaison différente
C:\Program Files (x86)\Windows Kits\10\Include\10.0.18362.0\um\winsock.h(927): message : voir la déclaration de 'WSAAsyncGetHostByAddr'
C:\Program Files (x86)\Windows Kits\10\Include\10.0.18362.0\um\winsock2.h(2662,1): error C2375: 'WSACancelAsyncRequest' : redéfinition ; liaison différente
C:\Program Files (x86)\Windows Kits\10\Include\10.0.18362.0\um\winsock.h(936): message : voir la déclaration de 'WSACancelAsyncRequest'
C:\Program Files (x86)\Windows Kits\10\Include\10.0.18362.0\um\winsock2.h(2680,1): error C2375: 'WSAAsyncSelect' : redéfinition ; liaison différente
C:\Program Files (x86)\Windows Kits\10\Include\10.0.18362.0\um\winsock.h(938): message : voir la déclaration de 'WSAAsyncSelect'
C:\dark-seal\backdoor\communication.c(6,6): warning C4996: 'fopen': This function or variable may be unsafe. Consider using fopen_s instead. To disable deprecation, use _CRT_SECURE_NO_WARNINGS. See online help for details.
C:\dark-seal\backdoor\communication.c(24,4): warning C4996: 'strncpy': This function or variable may be unsafe. Consider using strncpy_s instead. To disable deprecation, use _CRT_SECURE_NO_WARNINGS. See online help for details.
C:\dark-seal\backdoor\communication.c(27,8): warning C4996: 'fopen': This function or variable may be unsafe. Consider using fopen_s instead. To disable deprecation, use _CRT_SECURE_NO_WARNINGS. See online help for details.
C:\dark-seal\backdoor\communication.c(50,2): warning C4996: 'sprintf': This function or variable may be unsafe. Consider using sprintf_s instead. To disable deprecation, use _CRT_SECURE_NO_WARNINGS. See online help for details.
C:\dark-seal\backdoor\communication.c(79,2): warning C4996: 'sprintf': This function or variable may be unsafe. Consider using sprintf_s instead. To disable deprecation, use _CRT_SECURE_NO_WARNINGS. See online help for details.
C:\dark-seal\backdoor\communication.c(80,2): warning C4996: 'strncat': This function or variable may be unsafe. Consider using strncat_s instead. To disable deprecation, use _CRT_SECURE_NO_WARNINGS. See online help for details.
C:\dark-seal\backdoor\communication.c(81,2): warning C4996: 'strcat': This function or variable may be unsafe. Consider using strcat_s instead. To disable deprecation, use _CRT_SECURE_NO_WARNINGS. See online help for details.
C:\dark-seal\backdoor\communication.c(97,2): warning C4996: 'strcpy': This function or variable may be unsafe. Consider using strcpy_s instead. To disable deprecation, use _CRT_SECURE_NO_WARNINGS. See online help for details.
  crypto.c
C:\dark-seal\backdoor\crypto.c(30,16): warning C4018: '<' : incompatibilité signed/unsigned
C:\dark-seal\backdoor\crypto.c(42,18): warning C4244: 'fonction' : conversion de 'time_t' en 'unsigned int', perte possible de données
C:\dark-seal\backdoor\crypto.c(69,3): warning C4996: 'sprintf': This function or variable may be unsafe. Consider using sprintf_s instead. To disable deprecation, use _CRT_SECURE_NO_WARNINGS. See online help for details.
C:\dark-seal\backdoor\crypto.c(85,3): warning C4996: 'sscanf': This function or variable may be unsafe. Consider using sscanf_s instead. To disable deprecation, use _CRT_SECURE_NO_WARNINGS. See online help for details.
  main.c
  modules.c
C:\dark-seal\backdoor\modules.c(12,11): warning C4996: 'WSASocketA': Use WSASocketW() instead or define _WINSOCK_DEPRECATED_NO_WARNINGS to disable deprecated API warnings
C:\dark-seal\backdoor\modules.c(16,28): warning C4996: 'inet_addr': Use inet_pton() or InetPton() instead or define _WINSOCK_DEPRECATED_NO_WARNINGS to disable deprecated API warnings
C:\dark-seal\backdoor\modules.c(114,5): warning C4996: 'sprintf': This function or variable may be unsafe. Consider using sprintf_s instead. To disable deprecation, use _CRT_SECURE_NO_WARNINGS. See online help for details.
C:\dark-seal\backdoor\modules.c(115,5): warning C4996: 'strcpy': This function or variable may be unsafe. Consider using strcpy_s instead. To disable deprecation, use _CRT_SECURE_NO_WARNINGS. See online help for details.
C:\dark-seal\backdoor\modules.c(116,5): warning C4996: 'strcpy': This function or variable may be unsafe. Consider using strcpy_s instead. To disable deprecation, use _CRT_SECURE_NO_WARNINGS. See online help for details.
C:\dark-seal\backdoor\modules.c(117,5): warning C4996: 'strcpy': This function or variable may be unsafe. Consider using strcpy_s instead. To disable deprecation, use _CRT_SECURE_NO_WARNINGS. See online help for details.
C:\dark-seal\backdoor\modules.c(131,2): warning C4996: 'sprintf': This function or variable may be unsafe. Consider using sprintf_s instead. To disable deprecation, use _CRT_SECURE_NO_WARNINGS. See online help for details.
C:\dark-seal\backdoor\modules.c(132,2): warning C4996: 'sprintf': This function or variable may be unsafe. Consider using sprintf_s instead. To disable deprecation, use _CRT_SECURE_NO_WARNINGS. See online help for details.
C:\dark-seal\backdoor\modules.c(135,3): warning C4996: 'sprintf': This function or variable may be unsafe. Consider using sprintf_s instead. To disable deprecation, use _CRT_SECURE_NO_WARNINGS. See online help for details.
C:\dark-seal\backdoor\modules.c(136,3): warning C4996: 'sprintf': This function or variable may be unsafe. Consider using sprintf_s instead. To disable deprecation, use _CRT_SECURE_NO_WARNINGS. See online help for details.
C:\dark-seal\backdoor\modules.c(137,3): warning C4996: 'sprintf': This function or variable may be unsafe. Consider using sprintf_s instead. To disable deprecation, use _CRT_SECURE_NO_WARNINGS. See online help for details.
C:\dark-seal\backdoor\modules.c(138,3): warning C4996: 'sprintf': This function or variable may be unsafe. Consider using sprintf_s instead. To disable deprecation, use _CRT_SECURE_NO_WARNINGS. See online help for details.
  Génération de code en cours...
